SF:lib/app_theme.dart
DA:6,1
DA:7,1
LF:2
LH:2
end_of_record
SF:lib/helpers/computeiro_colors.dart
DA:4,1
DA:5,1
DA:6,1
DA:7,1
LF:4
LH:4
end_of_record
SF:lib/components/organisms/PoscompExams/index.dart
DA:9,1
DA:11,1
DA:13,1
DA:14,1
DA:15,1
DA:16,1
DA:17,1
DA:18,1
DA:19,3
DA:20,1
DA:21,1
DA:22,1
DA:23,6
DA:26,0
DA:27,0
DA:28,0
DA:30,0
DA:31,0
LF:18
LH:13
end_of_record
SF:lib/components/organisms/PoscompExams/view_model.dart
DA:9,1
DA:18,1
DA:19,1
DA:20,2
DA:21,2
DA:22,0
DA:23,0
LF:7
LH:5
end_of_record
SF:lib/core/models/Poscomp/index.dart
DA:8,1
DA:10,3
DA:11,2
DA:12,3
LF:4
LH:4
end_of_record
SF:lib/store/actions/index.dart
DA:8,0
DA:13,0
DA:17,0
DA:21,0
DA:27,0
DA:32,0
DA:39,0
DA:44,0
DA:49,0
LF:9
LH:0
end_of_record
SF:lib/components/pages/BottomNavigation/index.dart
DA:10,1
DA:11,1
DA:12,1
DA:14,1
DA:16,1
DA:18,0
DA:20,2
DA:23,1
DA:26,1
DA:29,1
DA:31,1
DA:33,1
DA:34,1
DA:35,1
DA:36,1
DA:38,3
DA:41,1
DA:42,2
DA:44,1
DA:55,1
DA:56,2
DA:57,0
LF:22
LH:20
end_of_record
SF:lib/store/models/app_state.dart
DA:6,1
DA:13,2
DA:16,1
DA:17,1
DA:26,0
DA:32,0
DA:33,0
DA:34,0
DA:35,0
DA:36,0
DA:40,0
DA:42,0
DA:43,0
DA:44,0
DA:45,0
DA:47,0
DA:50,0
DA:51,0
DA:52,0
DA:53,0
DA:54,0
DA:55,0
DA:57,0
DA:59,0
LF:24
LH:4
end_of_record
SF:lib/components/pages/BottomNavigation/texts.dart
DA:2,0
DA:3,0
LF:2
LH:0
end_of_record
SF:lib/components/pages/BottomNavigation/view_model.dart
DA:8,1
DA:24,1
DA:25,1
DA:26,2
DA:27,2
DA:28,2
DA:29,0
DA:30,0
DA:32,0
DA:33,0
DA:35,2
LF:11
LH:7
end_of_record
SF:lib/components/pages/PoscompExam/index.dart
DA:9,0
DA:11,0
DA:13,0
DA:14,0
DA:15,0
DA:16,0
DA:18,0
DA:20,0
DA:22,0
DA:23,0
DA:24,0
DA:25,0
DA:26,0
DA:28,0
DA:29,0
DA:30,0
DA:35,0
DA:36,0
DA:37,0
DA:39,0
DA:40,0
DA:41,0
DA:46,0
DA:47,0
DA:48,0
DA:50,0
DA:51,0
DA:52,0
DA:57,0
DA:58,0
DA:59,0
DA:61,0
DA:62,0
DA:63,0
DA:68,0
DA:69,0
DA:70,0
DA:72,0
DA:73,0
DA:74,0
DA:79,0
DA:81,0
DA:82,0
DA:84,0
DA:86,0
DA:89,0
DA:91,0
DA:93,0
DA:96,0
DA:98,0
DA:100,0
LF:51
LH:0
end_of_record
SF:lib/components/pages/PoscompExam/view_model.dart
DA:9,0
DA:24,0
DA:25,0
DA:26,0
DA:27,0
DA:28,0
DA:30,0
DA:32,0
DA:34,0
DA:35,0
DA:36,0
DA:37,0
DA:38,0
DA:39,0
DA:40,0
LF:15
LH:0
end_of_record
SF:lib/core/models/Profile/index.dart
DA:6,1
DA:8,1
LF:2
LH:2
end_of_record
SF:lib/main.dart
DA:12,0
DA:20,0
DA:22,0
DA:23,0
DA:24,0
DA:28,1
DA:30,1
DA:31,1
DA:32,1
DA:34,2
DA:35,1
LF:11
LH:6
end_of_record
SF:lib/store/reducers/app_reducer.dart
DA:4,0
DA:5,0
DA:6,0
DA:7,0
DA:8,0
DA:9,0
DA:10,0
LF:7
LH:0
end_of_record
SF:lib/store/middlewares/index.dart
DA:8,4
DA:9,1
LF:2
LH:2
end_of_record
SF:lib/store/middlewares/DumbSearch/index.dart
DA:7,0
DA:11,0
DA:12,0
DA:13,0
DA:15,0
LF:5
LH:0
end_of_record
SF:lib/core/models/Poscomp/exam.dart
DA:7,1
LF:1
LH:1
end_of_record
SF:lib/core/models/Poscomp/question.dart
DA:2,1
LF:1
LH:1
end_of_record
SF:lib/core/models/Poscomp/questions.dart
DA:3,3
DA:4,1
DA:8,1
DA:14,7
LF:4
LH:4
end_of_record
SF:lib/core/models/Profile/poscomp_status.dart
DA:5,1
LF:1
LH:1
end_of_record
SF:lib/store/reducers/BottomNav/index.dart
DA:5,0
DA:6,0
DA:9,0
DA:10,0
LF:4
LH:0
end_of_record
SF:lib/store/reducers/DumbSearch/index.dart
DA:8,0
DA:9,0
DA:10,0
DA:13,0
DA:14,0
DA:15,0
DA:18,0
DA:28,0
LF:8
LH:0
end_of_record
SF:lib/store/reducers/Loading/index.dart
DA:5,0
DA:6,0
DA:9,0
LF:3
LH:0
end_of_record
SF:lib/store/reducers/Poscomp/index.dart
DA:7,0
DA:8,0
DA:11,0
LF:3
LH:0
end_of_record
SF:lib/store/reducers/Profile/index.dart
DA:8,0
DA:9,0
DA:10,0
DA:11,0
DA:12,0
DA:15,0
DA:16,0
DA:17,0
DA:20,0
DA:21,0
DA:23,0
DA:24,0
DA:25,0
DA:26,0
DA:28,0
DA:29,0
DA:30,0
DA:33,0
DA:34,0
DA:35,0
DA:36,0
DA:37,0
DA:42,0
DA:43,0
DA:44,0
DA:46,0
DA:47,0
DA:48,0
DA:49,0
DA:54,0
DA:55,0
DA:56,0
DA:58,0
DA:63,0
DA:65,0
DA:66,0
DA:67,0
DA:68,0
DA:69,0
LF:39
LH:0
end_of_record
SF:lib/store/middlewares/DumbSearch/requests.dart
DA:4,0
DA:6,0
DA:7,0
DA:8,0
DA:10,0
LF:5
LH:0
end_of_record
